2025-12-03 05:02:33,899 - MainThread - vulcan.core.console - WARNING - Linter warnings for /workspace/models/seed_model.sql:
 - requirechecksformodels: 
Models should have data quality checks defined.
Consider adding checks for:
 • Completeness
 • Validity
 • Uniqueness
 • Other relevant quality constraints

 - requiregrainforallmodels: 
All models must define a grain for data quality assurance.
 (console.py:2352)
2025-12-03 05:02:33,901 - MainThread - vulcan.core.console - WARNING - Linter warnings for /workspace/models/scd_type2_by_time.sql:
 - requirechecksformodels: 
Models should have data quality checks defined.
Consider adding checks for:
 • Completeness
 • Validity
 • Uniqueness
 • Other relevant quality constraints

 - requiregrainforallmodels: 
All models must define a grain for data quality assurance.
 (console.py:2352)
2025-12-03 05:02:33,901 - MainThread - vulcan.core.console - WARNING - Linter warnings for /workspace/models/incremental_by_partition.sql:
 - requiregrainforallmodels: 
All models must define a grain for data quality assurance.
 (console.py:2352)
2025-12-03 05:02:33,902 - MainThread - vulcan.core.console - WARNING - Linter warnings for /workspace/models/staging/stg_order_lines.sql:
 - requireauditsforallkindsexceptembedded: 
Missing audit rules: All non-embedded models should include data quality audits.


 - requiregrainforallmodels: 
All models must define a grain for data quality assurance.
 (console.py:2352)
2025-12-03 05:02:33,903 - MainThread - vulcan.core.console - WARNING - Linter warnings for /workspace/models/staging/stg_products.sql:
 - requireauditsforallkindsexceptembedded: 
Missing audit rules: All non-embedded models should include data quality audits.


 - requiregrainforallmodels: 
All models must define a grain for data quality assurance.
 (console.py:2352)
2025-12-03 05:02:33,903 - MainThread - vulcan.core.console - WARNING - Linter warnings for /workspace/models/incremental_unmanaged.sql:
 - requirechecksformodels: 
Models should have data quality checks defined.
Consider adding checks for:
 • Completeness
 • Validity
 • Uniqueness
 • Other relevant quality constraints

 - requiregrainforallmodels: 
All models must define a grain for data quality assurance.
 (console.py:2352)
2025-12-03 05:02:33,904 - MainThread - vulcan.core.console - WARNING - Linter warnings for /workspace/models/staging/dim_customer.sql:
 - requireauditsforallkindsexceptembedded: 
Missing audit rules: All non-embedded models should include data quality audits.


 - requiregrainforallmodels: 
All models must define a grain for data quality assurance.
 (console.py:2352)
2025-12-03 05:02:33,904 - MainThread - vulcan.core.console - WARNING - Linter warnings for /workspace/models/scd_type2_by_column.sql:
 - requiregrainforallmodels: 
All models must define a grain for data quality assurance.
 (console.py:2352)
2025-12-03 05:02:33,905 - MainThread - vulcan.core.console - WARNING - Linter warnings for /workspace/models/incremental_by_time_range.sql:
 - requirechecksformodels: 
Models should have data quality checks defined.
Consider adding checks for:
 • Completeness
 • Validity
 • Uniqueness
 • Other relevant quality constraints

 - requiregrainforallmodels: 
All models must define a grain for data quality assurance.
 (console.py:2352)
2025-12-03 05:02:33,905 - MainThread - vulcan.core.console - WARNING - Linter warnings for /workspace/models/incremental_model.sql:
 - requirechecksformodels: 
Models should have data quality checks defined.
Consider adding checks for:
 • Completeness
 • Validity
 • Uniqueness
 • Other relevant quality constraints

 - requiregrainforallmodels: 
All models must define a grain for data quality assurance.
 (console.py:2352)
2025-12-03 05:02:33,906 - MainThread - vulcan.core.console - WARNING - Linter warnings for /workspace/models/full_model.sql:
 - requiregrainforallmodels: 
All models must define a grain for data quality assurance.
 (console.py:2352)
2025-12-03 05:02:33,906 - MainThread - vulcan.core.console - WARNING - Linter warnings for /workspace/models/staging/fct_daily_sales__by_region.sql:
 - requireauditsforallkindsexceptembedded: 
Missing audit rules: All non-embedded models should include data quality audits.


 - requirechecksformodels: 
Models should have data quality checks defined.
Consider adding checks for:
 • Completeness
 • Validity
 • Uniqueness
 • Other relevant quality constraints

 - requiregrainforallmodels: 
All models must define a grain for data quality assurance.
 (console.py:2352)
2025-12-03 05:02:33,907 - MainThread - vulcan.core.console - WARNING - Linter warnings for /workspace/models/staging/fct_daily_sales__by_region.sql:
 - requireauditsforallkindsexceptembedded: 
Missing audit rules: All non-embedded models should include data quality audits.


 - requirechecksformodels: 
Models should have data quality checks defined.
Consider adding checks for:
 • Completeness
 • Validity
 • Uniqueness
 • Other relevant quality constraints

 - requiregrainforallmodels: 
All models must define a grain for data quality assurance.
 (console.py:2352)
2025-12-03 05:02:33,908 - MainThread - vulcan.core.console - WARNING - Linter warnings for /workspace/models/staging/fct_daily_sales__by_region.sql:
 - requireauditsforallkindsexceptembedded: 
Missing audit rules: All non-embedded models should include data quality audits.


 - requirechecksformodels: 
Models should have data quality checks defined.
Consider adding checks for:
 • Completeness
 • Validity
 • Uniqueness
 • Other relevant quality constraints

 - requiregrainforallmodels: 
All models must define a grain for data quality assurance.
 (console.py:2352)
2025-12-03 05:02:33,909 - MainThread - vulcan.core.console - WARNING - Linter warnings for /workspace/models/staging/fct_daily_sales__by_region.sql:
 - requireauditsforallkindsexceptembedded: 
Missing audit rules: All non-embedded models should include data quality audits.


 - requirechecksformodels: 
Models should have data quality checks defined.
Consider adding checks for:
 • Completeness
 • Validity
 • Uniqueness
 • Other relevant quality constraints

 - requiregrainforallmodels: 
All models must define a grain for data quality assurance.
 (console.py:2352)
2025-12-03 05:02:33,909 - MainThread - vulcan.core.console - WARNING - Linter warnings for /workspace/models/view_model.sql:
 - requirechecksformodels: 
Models should have data quality checks defined.
Consider adding checks for:
 • Completeness
 • Validity
 • Uniqueness
 • Other relevant quality constraints

 - requiregrainforallmodels: 
All models must define a grain for data quality assurance.
 (console.py:2352)
2025-12-03 05:02:33,910 - MainThread - vulcan.core.console - WARNING - Linter warnings for /workspace/models/staging/stg_customers.sql:
 - requireauditsforallkindsexceptembedded: 
Missing audit rules: All non-embedded models should include data quality audits.


 - requiregrainforallmodels: 
All models must define a grain for data quality assurance.
 (console.py:2352)
2025-12-03 05:02:33,911 - MainThread - vulcan.core.console - WARNING - Linter warnings for /workspace/models/staging/fct_daily_sales.sql:
 - requireauditsforallkindsexceptembedded: 
Missing audit rules: All non-embedded models should include data quality audits.


 - requiregrainforallmodels: 
All models must define a grain for data quality assurance.
 (console.py:2352)
2025-12-03 05:02:33,911 - MainThread - vulcan.core.console - WARNING - Linter warnings for /workspace/models/incremental_by_unique_key.sql:
 - requiregrainforallmodels: 
All models must define a grain for data quality assurance.
 (console.py:2352)
2025-12-03 05:02:33,911 - MainThread - vulcan.core.console - WARNING - Linter warnings for /workspace/external_models.yaml:
 - requireauditsforallkindsexceptembedded: 
Missing audit rules: All non-embedded models should include data quality audits.


 - requirechecksformodels: 
Models should have data quality checks defined.
Consider adding checks for:
 • Completeness
 • Validity
 • Uniqueness
 • Other relevant quality constraints

 - requiregrainforallmodels: 
All models must define a grain for data quality assurance.
 (console.py:2352)
2025-12-03 05:02:33,912 - MainThread - vulcan.core.console - WARNING - Linter warnings for /workspace/external_models.yaml:
 - requireauditsforallkindsexceptembedded: 
Missing audit rules: All non-embedded models should include data quality audits.


 - requirechecksformodels: 
Models should have data quality checks defined.
Consider adding checks for:
 • Completeness
 • Validity
 • Uniqueness
 • Other relevant quality constraints

 - requiregrainforallmodels: 
All models must define a grain for data quality assurance.
 (console.py:2352)
2025-12-03 05:02:33,913 - MainThread - vulcan.core.console - WARNING - Linter warnings for /workspace/external_models.yaml:
 - requireauditsforallkindsexceptembedded: 
Missing audit rules: All non-embedded models should include data quality audits.


 - requirechecksformodels: 
Models should have data quality checks defined.
Consider adding checks for:
 • Completeness
 • Validity
 • Uniqueness
 • Other relevant quality constraints

 - requiregrainforallmodels: 
All models must define a grain for data quality assurance.
 (console.py:2352)
2025-12-03 05:02:33,914 - MainThread - vulcan.core.console - WARNING - Linter warnings for /workspace/external_models.yaml:
 - requireauditsforallkindsexceptembedded: 
Missing audit rules: All non-embedded models should include data quality audits.


 - requirechecksformodels: 
Models should have data quality checks defined.
Consider adding checks for:
 • Completeness
 • Validity
 • Uniqueness
 • Other relevant quality constraints

 - requiregrainforallmodels: 
All models must define a grain for data quality assurance.
 (console.py:2352)
2025-12-03 05:02:33,914 - MainThread - vulcan.core.console - WARNING - Linter warnings for /workspace/external_models.yaml:
 - requireauditsforallkindsexceptembedded: 
Missing audit rules: All non-embedded models should include data quality audits.


 - requirechecksformodels: 
Models should have data quality checks defined.
Consider adding checks for:
 • Completeness
 • Validity
 • Uniqueness
 • Other relevant quality constraints

 - requiregrainforallmodels: 
All models must define a grain for data quality assurance.
 (console.py:2352)
2025-12-03 05:02:33,915 - MainThread - vulcan.core.console - WARNING - Linter warnings for /workspace/external_models.yaml:
 - requireauditsforallkindsexceptembedded: 
Missing audit rules: All non-embedded models should include data quality audits.


 - requirechecksformodels: 
Models should have data quality checks defined.
Consider adding checks for:
 • Completeness
 • Validity
 • Uniqueness
 • Other relevant quality constraints

 - requiregrainforallmodels: 
All models must define a grain for data quality assurance.
 (console.py:2352)
2025-12-03 05:02:33,916 - MainThread - vulcan.core.console - WARNING - Linter warnings for /workspace/external_models.yaml:
 - requireauditsforallkindsexceptembedded: 
Missing audit rules: All non-embedded models should include data quality audits.


 - requirechecksformodels: 
Models should have data quality checks defined.
Consider adding checks for:
 • Completeness
 • Validity
 • Uniqueness
 • Other relevant quality constraints

 - requiregrainforallmodels: 
All models must define a grain for data quality assurance.
 (console.py:2352)
2025-12-03 05:02:33,916 - MainThread - vulcan.core.console - WARNING - Linter warnings for /workspace/external_models.yaml:
 - requireauditsforallkindsexceptembedded: 
Missing audit rules: All non-embedded models should include data quality audits.


 - requirechecksformodels: 
Models should have data quality checks defined.
Consider adding checks for:
 • Completeness
 • Validity
 • Uniqueness
 • Other relevant quality constraints

 - requiregrainforallmodels: 
All models must define a grain for data quality assurance.
 (console.py:2352)
2025-12-03 05:02:33,917 - MainThread - vulcan.core.console - WARNING - Linter warnings for /workspace/external_models.yaml:
 - requireauditsforallkindsexceptembedded: 
Missing audit rules: All non-embedded models should include data quality audits.


 - requirechecksformodels: 
Models should have data quality checks defined.
Consider adding checks for:
 • Completeness
 • Validity
 • Uniqueness
 • Other relevant quality constraints

 - requiregrainforallmodels: 
All models must define a grain for data quality assurance.
 (console.py:2352)
2025-12-03 05:02:33,918 - MainThread - vulcan.core.console - WARNING - Linter warnings for /workspace/models/python_models/scd_type2_by_time.py:
 - requireauditsforallkindsexceptembedded: 
Missing audit rules: All non-embedded models should include data quality audits.


 - requirechecksformodels: 
Models should have data quality checks defined.
Consider adding checks for:
 • Completeness
 • Validity
 • Uniqueness
 • Other relevant quality constraints

 - requiregrainforallmodels: 
All models must define a grain for data quality assurance.
 (console.py:2352)
2025-12-03 05:02:33,919 - MainThread - vulcan.core.console - WARNING - Linter warnings for /workspace/models/python_models/full_model.py:
 - requireauditsforallkindsexceptembedded: 
Missing audit rules: All non-embedded models should include data quality audits.


 - requirechecksformodels: 
Models should have data quality checks defined.
Consider adding checks for:
 • Completeness
 • Validity
 • Uniqueness
 • Other relevant quality constraints

 - requiregrainforallmodels: 
All models must define a grain for data quality assurance.
 (console.py:2352)
2025-12-03 05:02:33,919 - MainThread - vulcan.core.console - WARNING - Linter warnings for /workspace/models/python_models/incremental_by_unique_key.py:
 - requireauditsforallkindsexceptembedded: 
Missing audit rules: All non-embedded models should include data quality audits.


 - requirechecksformodels: 
Models should have data quality checks defined.
Consider adding checks for:
 • Completeness
 • Validity
 • Uniqueness
 • Other relevant quality constraints

 - requiregrainforallmodels: 
All models must define a grain for data quality assurance.
 (console.py:2352)
2025-12-03 05:02:33,920 - MainThread - vulcan.core.console - WARNING - Linter warnings for /workspace/models/python_models/incremental_by_partition.py:
 - requireauditsforallkindsexceptembedded: 
Missing audit rules: All non-embedded models should include data quality audits.


 - requirechecksformodels: 
Models should have data quality checks defined.
Consider adding checks for:
 • Completeness
 • Validity
 • Uniqueness
 • Other relevant quality constraints

 - requiregrainforallmodels: 
All models must define a grain for data quality assurance.
 (console.py:2352)
2025-12-03 05:02:33,921 - MainThread - vulcan.core.console - WARNING - Linter warnings for /workspace/models/python_models/scd_type2_by_column.py:
 - requireauditsforallkindsexceptembedded: 
Missing audit rules: All non-embedded models should include data quality audits.


 - requirechecksformodels: 
Models should have data quality checks defined.
Consider adding checks for:
 • Completeness
 • Validity
 • Uniqueness
 • Other relevant quality constraints

 - requiregrainforallmodels: 
All models must define a grain for data quality assurance.
 (console.py:2352)
2025-12-03 05:02:33,935 - MainThread - vulcan.core.config.connection - INFO - Creating new DuckDB adapter for in-memory database (connection.py:502)
2025-12-03 05:02:33,961 - MainThread - vulcan.core.config.connection - INFO - Creating new DuckDB adapter for in-memory database (connection.py:502)
2025-12-03 05:02:33,961 - MainThread - vulcan.core.config.connection - INFO - Creating new DuckDB adapter for in-memory database (connection.py:502)
2025-12-03 05:02:33,962 - ThreadPoolExecutor-1_0 - vulcan.core.console - WARNING - Model '"warehouse"."vulcan_demo"."incremental_by_partition"' was not found at /workspace/tests/test_incremental_by_partition.yaml (console.py:2352)
2025-12-03 05:02:36,579 - MainThread - vulcan.core.plan.evaluator - INFO - Evaluating plan stage CreateSnapshotRecordsStage (evaluator.py:123)
2025-12-03 05:02:36,588 - MainThread - vulcan.core.plan.evaluator - INFO - Evaluating plan stage PhysicalLayerSchemaCreationStage (evaluator.py:123)
2025-12-03 05:02:36,593 - ThreadPoolExecutor-2_0 - vulcan.core.snapshot.evaluator - INFO - Creating schema 'warehouse.vulcan__vulcan_example' (evaluator.py:1443)
2025-12-03 05:02:36,593 - ThreadPoolExecutor-2_1 - vulcan.core.snapshot.evaluator - INFO - Creating schema 'warehouse.vulcan__vulcan_demo' (evaluator.py:1443)
2025-12-03 05:02:36,594 - ThreadPoolExecutor-2_0 - vulcan.core.engine_adapter.base - INFO - Executing SQL: /* VULCAN_PLAN: 918210c81f93441cbfa0e753040b864d */ CREATE SCHEMA IF NOT EXISTS "vulcan__vulcan_example" (base.py:2622)
2025-12-03 05:02:36,595 - ThreadPoolExecutor-2_1 - vulcan.core.engine_adapter.base - INFO - Executing SQL: /* VULCAN_PLAN: 918210c81f93441cbfa0e753040b864d */ CREATE SCHEMA IF NOT EXISTS "vulcan__vulcan_demo" (base.py:2622)
2025-12-03 05:02:36,596 - MainThread - vulcan.core.plan.evaluator - INFO - Evaluating plan stage PhysicalLayerUpdateStage (evaluator.py:123)
2025-12-03 05:02:36,600 - ThreadPoolExecutor-3_0 - vulcan.core.snapshot.evaluator - INFO - Listing data objects in schema warehouse.vulcan__vulcan_demo (evaluator.py:1610)
2025-12-03 05:02:36,601 - ThreadPoolExecutor-3_1 - vulcan.core.snapshot.evaluator - INFO - Listing data objects in schema warehouse.vulcan__vulcan_example (evaluator.py:1610)
2025-12-03 05:02:36,602 - ThreadPoolExecutor-3_0 - vulcan.core.engine_adapter.base - INFO - Executing SQL: /* VULCAN_PLAN: 918210c81f93441cbfa0e753040b864d */ SELECT current_catalog (base.py:2622)
2025-12-03 05:02:36,603 - ThreadPoolExecutor-3_1 - vulcan.core.engine_adapter.base - INFO - Executing SQL: /* VULCAN_PLAN: 918210c81f93441cbfa0e753040b864d */ SELECT current_catalog (base.py:2622)
2025-12-03 05:02:36,609 - MainThread - vulcan.core.plan.evaluator - INFO - Evaluating plan stage AuditOnlyRunStage (evaluator.py:123)
2025-12-03 05:02:36,613 - ThreadPoolExecutor-4_0 - vulcan.core.snapshot.evaluator - INFO - Listing data objects in schema warehouse.vulcan__vulcan_demo (evaluator.py:1610)
2025-12-03 05:02:36,614 - ThreadPoolExecutor-4_0 - vulcan.core.engine_adapter.base - INFO - Executing SQL: /* VULCAN_PLAN: 918210c81f93441cbfa0e753040b864d */ SELECT current_catalog (base.py:2622)
2025-12-03 05:02:36,618 - ThreadPoolExecutor-5_0 - vulcan.core.snapshot.evaluator - INFO - Auditing snapshot SnapshotId<"warehouse"."vulcan_demo"."scd_type2_by_time": 4048200889> (evaluator.py:603)
2025-12-03 05:02:36,620 - ThreadPoolExecutor-5_0 - vulcan.core.engine_adapter.base - INFO - Executing SQL: /* VULCAN_PLAN: 918210c81f93441cbfa0e753040b864d */ SELECT "attname" AS "column_name", "pg_catalog".format_type("atttypid", "atttypmod") AS "data_type" FROM "pg_catalog"."pg_attribute" JOIN "pg_catalog"."pg_class" ON "pg_class"."oid" = "attrelid" JOIN "pg_catalog"."pg_namespace" ON "pg_namespace"."oid" = "relnamespace" WHERE ("attnum" > 0 AND NOT "attisdropped" AND "relname" = 'vulcan_demo__scd_type2_by_time__324217294') AND "nspname" = 'vulcan__vulcan_demo' (base.py:2622)
2025-12-03 05:02:36,629 - ThreadPoolExecutor-5_0 - vulcan.core.engine_adapter.base - INFO - Executing SQL: /* VULCAN_PLAN: 918210c81f93441cbfa0e753040b864d */ SELECT COUNT(*) FROM (SELECT * FROM (SELECT ROW_NUMBER() OVER (PARTITION BY "dt" ORDER BY "dt" NULLS FIRST) AS "rank_dt" FROM "warehouse"."vulcan__vulcan_demo"."vulcan_demo__scd_type2_by_time__324217294" AS "vulcan_demo__scd_type2_by_time__324217294" WHERE TRUE) AS "_q_0" WHERE "rank_dt" > 1) AS "audit" (base.py:2622)
2025-12-03 05:02:36,633 - ThreadPoolExecutor-5_0 - vulcan.core.engine_adapter.base - INFO - Executing SQL: /* VULCAN_PLAN: 918210c81f93441cbfa0e753040b864d */ SELECT "attname" AS "column_name", "pg_catalog".format_type("atttypid", "atttypmod") AS "data_type" FROM "pg_catalog"."pg_attribute" JOIN "pg_catalog"."pg_class" ON "pg_class"."oid" = "attrelid" JOIN "pg_catalog"."pg_namespace" ON "pg_namespace"."oid" = "relnamespace" WHERE ("attnum" > 0 AND NOT "attisdropped" AND "relname" = 'vulcan_demo__scd_type2_by_time__324217294') AND "nspname" = 'vulcan__vulcan_demo' (base.py:2622)
2025-12-03 05:02:36,637 - ThreadPoolExecutor-5_0 - vulcan.core.engine_adapter.base - INFO - Executing SQL: /* VULCAN_PLAN: 918210c81f93441cbfa0e753040b864d */ SELECT COUNT(*) FROM (SELECT * FROM "warehouse"."vulcan__vulcan_demo"."vulcan_demo__scd_type2_by_time__324217294" AS "vulcan_demo__scd_type2_by_time__324217294" WHERE ("dt" IS NULL OR "year" IS NULL OR "month" IS NULL OR "day_of_week" IS NULL) AND TRUE) AS "audit" (base.py:2622)
2025-12-03 05:02:36,639 - ThreadPoolExecutor-5_0 - vulcan.core.engine_adapter.base - INFO - Executing SQL: /* VULCAN_PLAN: 918210c81f93441cbfa0e753040b864d */ SELECT "attname" AS "column_name", "pg_catalog".format_type("atttypid", "atttypmod") AS "data_type" FROM "pg_catalog"."pg_attribute" JOIN "pg_catalog"."pg_class" ON "pg_class"."oid" = "attrelid" JOIN "pg_catalog"."pg_namespace" ON "pg_namespace"."oid" = "relnamespace" WHERE ("attnum" > 0 AND NOT "attisdropped" AND "relname" = 'vulcan_demo__scd_type2_by_time__324217294') AND "nspname" = 'vulcan__vulcan_demo' (base.py:2622)
2025-12-03 05:02:36,641 - ThreadPoolExecutor-5_0 - vulcan.core.engine_adapter.base - INFO - Executing SQL: /* VULCAN_PLAN: 918210c81f93441cbfa0e753040b864d */ SELECT COUNT(*) FROM (SELECT * FROM "warehouse"."vulcan__vulcan_demo"."vulcan_demo__scd_type2_by_time__324217294" AS "vulcan_demo__scd_type2_by_time__324217294" WHERE "day_of_week" = '' AND TRUE) AS "audit" (base.py:2622)
2025-12-03 05:02:36,643 - ThreadPoolExecutor-5_0 - vulcan.core.engine_adapter.base - INFO - Executing SQL: /* VULCAN_PLAN: 918210c81f93441cbfa0e753040b864d */ SELECT "attname" AS "column_name", "pg_catalog".format_type("atttypid", "atttypmod") AS "data_type" FROM "pg_catalog"."pg_attribute" JOIN "pg_catalog"."pg_class" ON "pg_class"."oid" = "attrelid" JOIN "pg_catalog"."pg_namespace" ON "pg_namespace"."oid" = "relnamespace" WHERE ("attnum" > 0 AND NOT "attisdropped" AND "relname" = 'vulcan_demo__scd_type2_by_time__324217294') AND "nspname" = 'vulcan__vulcan_demo' (base.py:2622)
2025-12-03 05:02:36,649 - ThreadPoolExecutor-5_0 - vulcan.core.engine_adapter.base - INFO - Executing SQL: /* VULCAN_PLAN: 918210c81f93441cbfa0e753040b864d */ SELECT COUNT(*) FROM (SELECT * FROM "warehouse"."vulcan__vulcan_demo"."vulcan_demo__scd_type2_by_time__324217294" AS "vulcan_demo__scd_type2_by_time__324217294" WHERE "total_transactions" < 0 AND TRUE) AS "audit" (base.py:2622)
2025-12-03 05:02:36,651 - ThreadPoolExecutor-5_0 - vulcan.core.engine_adapter.base - INFO - Executing SQL: /* VULCAN_PLAN: 918210c81f93441cbfa0e753040b864d */ SELECT "attname" AS "column_name", "pg_catalog".format_type("atttypid", "atttypmod") AS "data_type" FROM "pg_catalog"."pg_attribute" JOIN "pg_catalog"."pg_class" ON "pg_class"."oid" = "attrelid" JOIN "pg_catalog"."pg_namespace" ON "pg_namespace"."oid" = "relnamespace" WHERE ("attnum" > 0 AND NOT "attisdropped" AND "relname" = 'vulcan_demo__scd_type2_by_time__324217294') AND "nspname" = 'vulcan__vulcan_demo' (base.py:2622)
2025-12-03 05:02:36,655 - ThreadPoolExecutor-5_0 - vulcan.core.engine_adapter.base - INFO - Executing SQL: /* VULCAN_PLAN: 918210c81f93441cbfa0e753040b864d */ SELECT COUNT(*) FROM (SELECT * FROM "warehouse"."vulcan__vulcan_demo"."vulcan_demo__scd_type2_by_time__324217294" AS "vulcan_demo__scd_type2_by_time__324217294" WHERE "total_quantity_sold" < 0 AND TRUE) AS "audit" (base.py:2622)
2025-12-03 05:02:36,657 - ThreadPoolExecutor-5_0 - vulcan.core.engine_adapter.base - INFO - Executing SQL: /* VULCAN_PLAN: 918210c81f93441cbfa0e753040b864d */ SELECT "attname" AS "column_name", "pg_catalog".format_type("atttypid", "atttypmod") AS "data_type" FROM "pg_catalog"."pg_attribute" JOIN "pg_catalog"."pg_class" ON "pg_class"."oid" = "attrelid" JOIN "pg_catalog"."pg_namespace" ON "pg_namespace"."oid" = "relnamespace" WHERE ("attnum" > 0 AND NOT "attisdropped" AND "relname" = 'vulcan_demo__scd_type2_by_time__324217294') AND "nspname" = 'vulcan__vulcan_demo' (base.py:2622)
2025-12-03 05:02:36,661 - ThreadPoolExecutor-5_0 - vulcan.core.engine_adapter.base - INFO - Executing SQL: /* VULCAN_PLAN: 918210c81f93441cbfa0e753040b864d */ SELECT COUNT(*) FROM (SELECT * FROM "warehouse"."vulcan__vulcan_demo"."vulcan_demo__scd_type2_by_time__324217294" AS "vulcan_demo__scd_type2_by_time__324217294" WHERE "total_sales_amount" < 0 AND TRUE) AS "audit" (base.py:2622)
2025-12-03 05:02:36,663 - MainThread - vulcan.core.scheduler - INFO - Execution failed for node EvaluateNode(snapshot_name='"warehouse"."vulcan_demo"."scd_type2_by_time"', interval=(1764737400000, 1764737700000), batch_index=0) (scheduler.py:605)
Traceback (most recent call last):
  File "/opt/venv/lib/python3.10/site-packages/vulcan/utils/concurrency.py", line 69, in _process_node
    self.fn(node)
  File "/opt/venv/lib/python3.10/site-packages/vulcan/core/scheduler.py", line 531, in run_node
    audit_results = self._audit_snapshot(
  File "/opt/venv/lib/python3.10/site-packages/vulcan/core/scheduler.py", line 904, in _audit_snapshot
    raise NodeAuditsErrors(audit_errors_to_raise)
vulcan.utils.errors.NodeAuditsErrors: Audits failed: unique_values

The above exception was the direct cause of the following exception:

vulcan.utils.concurrency.NodeExecutionFailedError: Execution failed for node EvaluateNode(snapshot_name='"warehouse"."vulcan_demo"."scd_type2_by_time"', interval=(1764737400000, 1764737700000), batch_index=0)
2025-12-03 05:02:36,666 - MainThread - vulcan.core.context - INFO - Plan application failed. (context.py:2316)
Traceback (most recent call last):
  File "/opt/venv/lib/python3.10/site-packages/vulcan/core/context.py", line 2308, in apply
    self._apply(plan, circuit_breaker)
  File "/opt/venv/lib/python3.10/site-packages/vulcan/core/context.py", line 3122, in _apply
    self._scheduler.create_plan_evaluator(self).evaluate(
  File "/opt/venv/lib/python3.10/site-packages/vulcan/core/plan/evaluator.py", line 105, in evaluate
    self._evaluate_stages(plan_stages, plan)
  File "/opt/venv/lib/python3.10/site-packages/vulcan/core/plan/evaluator.py", line 125, in _evaluate_stages
    handler(stage, plan)
  File "/opt/venv/lib/python3.10/site-packages/vulcan/core/plan/evaluator.py", line 286, in visit_audit_only_run_stage
    raise PlanError("Plan application failed.")
vulcan.utils.errors.PlanError: Plan application failed.
2025-12-03 05:02:36,666 - MainThread - root - INFO - Shutting down the event dispatcher (dispatcher.py:231)
